<?xml version="1.0" encoding="UTF-8"?>
<testsuite xmlns:xsi="http://www.w3.org/2001/XMLSchema-instance" xsi:noNamespaceSchemaLocation="https://maven.apache.org/surefire/maven-surefire-plugin/xsd/surefire-test-report.xsd" name="de.leuphana.connector.OrderRestConnectorProviderTest" time="3.759" tests="7" errors="0" skipped="0" failures="0">
  <properties>
    <property name="java.specification.version" value="16"/>
    <property name="sun.jnu.encoding" value="UTF-8"/>
    <property name="java.class.path" value="/Users/henrik/GitHub/DAS_Exam/OrderMicroservice/target/test-classes:/Users/henrik/GitHub/DAS_Exam/OrderMicroservice/target/classes:/Users/henrik/.m2/repository/org/springframework/boot/spring-boot-starter-data-jpa/2.4.3/spring-boot-starter-data-jpa-2.4.3.jar:/Users/henrik/.m2/repository/org/springframework/boot/spring-boot-starter-aop/2.4.3/spring-boot-starter-aop-2.4.3.jar:/Users/henrik/.m2/repository/org/springframework/spring-aop/5.3.4/spring-aop-5.3.4.jar:/Users/henrik/.m2/repository/org/aspectj/aspectjweaver/1.9.6/aspectjweaver-1.9.6.jar:/Users/henrik/.m2/repository/org/springframework/boot/spring-boot-starter-jdbc/2.4.3/spring-boot-starter-jdbc-2.4.3.jar:/Users/henrik/.m2/repository/com/zaxxer/HikariCP/3.4.5/HikariCP-3.4.5.jar:/Users/henrik/.m2/repository/org/springframework/spring-jdbc/5.3.4/spring-jdbc-5.3.4.jar:/Users/henrik/.m2/repository/jakarta/transaction/jakarta.transaction-api/1.3.3/jakarta.transaction-api-1.3.3.jar:/Users/henrik/.m2/repository/jakarta/persistence/jakarta.persistence-api/2.2.3/jakarta.persistence-api-2.2.3.jar:/Users/henrik/.m2/repository/org/hibernate/hibernate-core/5.4.28.Final/hibernate-core-5.4.28.Final.jar:/Users/henrik/.m2/repository/org/jboss/logging/jboss-logging/3.4.1.Final/jboss-logging-3.4.1.Final.jar:/Users/henrik/.m2/repository/org/javassist/javassist/3.27.0-GA/javassist-3.27.0-GA.jar:/Users/henrik/.m2/repository/net/bytebuddy/byte-buddy/1.10.20/byte-buddy-1.10.20.jar:/Users/henrik/.m2/repository/antlr/antlr/2.7.7/antlr-2.7.7.jar:/Users/henrik/.m2/repository/org/jboss/jandex/2.2.3.Final/jandex-2.2.3.Final.jar:/Users/henrik/.m2/repository/com/fasterxml/classmate/1.5.1/classmate-1.5.1.jar:/Users/henrik/.m2/repository/org/dom4j/dom4j/2.1.3/dom4j-2.1.3.jar:/Users/henrik/.m2/repository/org/hibernate/common/hibernate-commons-annotations/5.1.2.Final/hibernate-commons-annotations-5.1.2.Final.jar:/Users/henrik/.m2/repository/org/glassfish/jaxb/jaxb-runtime/2.3.3/jaxb-runtime-2.3.3.jar:/Users/henrik/.m2/repository/org/glassfish/jaxb/txw2/2.3.3/txw2-2.3.3.jar:/Users/henrik/.m2/repository/com/sun/istack/istack-commons-runtime/3.0.11/istack-commons-runtime-3.0.11.jar:/Users/henrik/.m2/repository/com/sun/activation/jakarta.activation/1.2.2/jakarta.activation-1.2.2.jar:/Users/henrik/.m2/repository/org/springframework/data/spring-data-jpa/2.4.5/spring-data-jpa-2.4.5.jar:/Users/henrik/.m2/repository/org/springframework/data/spring-data-commons/2.4.5/spring-data-commons-2.4.5.jar:/Users/henrik/.m2/repository/org/springframework/spring-orm/5.3.4/spring-orm-5.3.4.jar:/Users/henrik/.m2/repository/org/springframework/spring-context/5.3.4/spring-context-5.3.4.jar:/Users/henrik/.m2/repository/org/springframework/spring-tx/5.3.4/spring-tx-5.3.4.jar:/Users/henrik/.m2/repository/org/springframework/spring-beans/5.3.4/spring-beans-5.3.4.jar:/Users/henrik/.m2/repository/org/slf4j/slf4j-api/1.7.30/slf4j-api-1.7.30.jar:/Users/henrik/.m2/repository/org/springframework/spring-aspects/5.3.4/spring-aspects-5.3.4.jar:/Users/henrik/.m2/repository/org/springframework/boot/spring-boot-starter-web/2.4.3/spring-boot-starter-web-2.4.3.jar:/Users/henrik/.m2/repository/org/springframework/boot/spring-boot-starter/2.4.3/spring-boot-starter-2.4.3.jar:/Users/henrik/.m2/repository/org/springframework/boot/spring-boot/2.4.3/spring-boot-2.4.3.jar:/Users/henrik/.m2/repository/org/springframework/boot/spring-boot-autoconfigure/2.4.3/spring-boot-autoconfigure-2.4.3.jar:/Users/henrik/.m2/repository/org/springframework/boot/spring-boot-starter-logging/2.4.3/spring-boot-starter-logging-2.4.3.jar:/Users/henrik/.m2/repository/ch/qos/logback/logback-classic/1.2.3/logback-classic-1.2.3.jar:/Users/henrik/.m2/repository/ch/qos/logback/logback-core/1.2.3/logback-core-1.2.3.jar:/Users/henrik/.m2/repository/org/apache/logging/log4j/log4j-to-slf4j/2.13.3/log4j-to-slf4j-2.13.3.jar:/Users/henrik/.m2/repository/org/apache/logging/log4j/log4j-api/2.13.3/log4j-api-2.13.3.jar:/Users/henrik/.m2/repository/org/slf4j/jul-to-slf4j/1.7.30/jul-to-slf4j-1.7.30.jar:/Users/henrik/.m2/repository/jakarta/annotation/jakarta.annotation-api/1.3.5/jakarta.annotation-api-1.3.5.jar:/Users/henrik/.m2/repository/org/yaml/snakeyaml/1.27/snakeyaml-1.27.jar:/Users/henrik/.m2/repository/org/springframework/boot/spring-boot-starter-json/2.4.3/spring-boot-starter-json-2.4.3.jar:/Users/henrik/.m2/repository/com/fasterxml/jackson/core/jackson-databind/2.11.4/jackson-databind-2.11.4.jar:/Users/henrik/.m2/repository/com/fasterxml/jackson/datatype/jackson-datatype-jdk8/2.11.4/jackson-datatype-jdk8-2.11.4.jar:/Users/henrik/.m2/repository/com/fasterxml/jackson/datatype/jackson-datatype-jsr310/2.11.4/jackson-datatype-jsr310-2.11.4.jar:/Users/henrik/.m2/repository/com/fasterxml/jackson/module/jackson-module-parameter-names/2.11.4/jackson-module-parameter-names-2.11.4.jar:/Users/henrik/.m2/repository/org/springframework/boot/spring-boot-starter-tomcat/2.4.3/spring-boot-starter-tomcat-2.4.3.jar:/Users/henrik/.m2/repository/org/apache/tomcat/embed/tomcat-embed-core/9.0.43/tomcat-embed-core-9.0.43.jar:/Users/henrik/.m2/repository/org/glassfish/jakarta.el/3.0.3/jakarta.el-3.0.3.jar:/Users/henrik/.m2/repository/org/apache/tomcat/embed/tomcat-embed-websocket/9.0.43/tomcat-embed-websocket-9.0.43.jar:/Users/henrik/.m2/repository/org/springframework/spring-web/5.3.4/spring-web-5.3.4.jar:/Users/henrik/.m2/repository/org/springframework/spring-webmvc/5.3.4/spring-webmvc-5.3.4.jar:/Users/henrik/.m2/repository/org/springframework/spring-expression/5.3.4/spring-expression-5.3.4.jar:/Users/henrik/.m2/repository/mysql/mysql-connector-java/8.0.23/mysql-connector-java-8.0.23.jar:/Users/henrik/.m2/repository/org/springframework/boot/spring-boot-starter-test/2.4.3/spring-boot-starter-test-2.4.3.jar:/Users/henrik/.m2/repository/org/springframework/boot/spring-boot-test/2.4.3/spring-boot-test-2.4.3.jar:/Users/henrik/.m2/repository/org/springframework/boot/spring-boot-test-autoconfigure/2.4.3/spring-boot-test-autoconfigure-2.4.3.jar:/Users/henrik/.m2/repository/com/jayway/jsonpath/json-path/2.4.0/json-path-2.4.0.jar:/Users/henrik/.m2/repository/net/minidev/json-smart/2.3/json-smart-2.3.jar:/Users/henrik/.m2/repository/net/minidev/accessors-smart/1.2/accessors-smart-1.2.jar:/Users/henrik/.m2/repository/org/ow2/asm/asm/5.0.4/asm-5.0.4.jar:/Users/henrik/.m2/repository/jakarta/xml/bind/jakarta.xml.bind-api/2.3.3/jakarta.xml.bind-api-2.3.3.jar:/Users/henrik/.m2/repository/jakarta/activation/jakarta.activation-api/1.2.2/jakarta.activation-api-1.2.2.jar:/Users/henrik/.m2/repository/org/assertj/assertj-core/3.18.1/assertj-core-3.18.1.jar:/Users/henrik/.m2/repository/org/hamcrest/hamcrest/2.2/hamcrest-2.2.jar:/Users/henrik/.m2/repository/org/junit/jupiter/junit-jupiter/5.7.1/junit-jupiter-5.7.1.jar:/Users/henrik/.m2/repository/org/junit/jupiter/junit-jupiter-api/5.7.1/junit-jupiter-api-5.7.1.jar:/Users/henrik/.m2/repository/org/apiguardian/apiguardian-api/1.1.0/apiguardian-api-1.1.0.jar:/Users/henrik/.m2/repository/org/opentest4j/opentest4j/1.2.0/opentest4j-1.2.0.jar:/Users/henrik/.m2/repository/org/junit/platform/junit-platform-commons/1.7.1/junit-platform-commons-1.7.1.jar:/Users/henrik/.m2/repository/org/junit/jupiter/junit-jupiter-params/5.7.1/junit-jupiter-params-5.7.1.jar:/Users/henrik/.m2/repository/org/junit/jupiter/junit-jupiter-engine/5.7.1/junit-jupiter-engine-5.7.1.jar:/Users/henrik/.m2/repository/org/junit/platform/junit-platform-engine/1.7.1/junit-platform-engine-1.7.1.jar:/Users/henrik/.m2/repository/org/mockito/mockito-core/3.6.28/mockito-core-3.6.28.jar:/Users/henrik/.m2/repository/net/bytebuddy/byte-buddy-agent/1.10.20/byte-buddy-agent-1.10.20.jar:/Users/henrik/.m2/repository/org/objenesis/objenesis/3.1/objenesis-3.1.jar:/Users/henrik/.m2/repository/org/mockito/mockito-junit-jupiter/3.6.28/mockito-junit-jupiter-3.6.28.jar:/Users/henrik/.m2/repository/org/skyscreamer/jsonassert/1.5.0/jsonassert-1.5.0.jar:/Users/henrik/.m2/repository/com/vaadin/external/google/android-json/0.0.20131108.vaadin1/android-json-0.0.20131108.vaadin1.jar:/Users/henrik/.m2/repository/org/springframework/spring-core/5.3.4/spring-core-5.3.4.jar:/Users/henrik/.m2/repository/org/springframework/spring-jcl/5.3.4/spring-jcl-5.3.4.jar:/Users/henrik/.m2/repository/org/springframework/spring-test/5.3.4/spring-test-5.3.4.jar:/Users/henrik/.m2/repository/org/xmlunit/xmlunit-core/2.7.0/xmlunit-core-2.7.0.jar:/Users/henrik/.m2/repository/org/springframework/cloud/spring-cloud-starter/3.0.1/spring-cloud-starter-3.0.1.jar:/Users/henrik/.m2/repository/org/springframework/cloud/spring-cloud-context/3.0.1/spring-cloud-context-3.0.1.jar:/Users/henrik/.m2/repository/org/springframework/security/spring-security-crypto/5.4.5/spring-security-crypto-5.4.5.jar:/Users/henrik/.m2/repository/org/springframework/cloud/spring-cloud-commons/3.0.1/spring-cloud-commons-3.0.1.jar:/Users/henrik/.m2/repository/org/springframework/security/spring-security-rsa/1.0.9.RELEASE/spring-security-rsa-1.0.9.RELEASE.jar:/Users/henrik/.m2/repository/org/bouncycastle/bcpkix-jdk15on/1.64/bcpkix-jdk15on-1.64.jar:/Users/henrik/.m2/repository/org/bouncycastle/bcprov-jdk15on/1.64/bcprov-jdk15on-1.64.jar:/Users/henrik/.m2/repository/org/springframework/cloud/spring-cloud-starter-openfeign/3.0.1/spring-cloud-starter-openfeign-3.0.1.jar:/Users/henrik/.m2/repository/org/springframework/cloud/spring-cloud-openfeign-core/3.0.1/spring-cloud-openfeign-core-3.0.1.jar:/Users/henrik/.m2/repository/io/github/openfeign/form/feign-form-spring/3.8.0/feign-form-spring-3.8.0.jar:/Users/henrik/.m2/repository/io/github/openfeign/form/feign-form/3.8.0/feign-form-3.8.0.jar:/Users/henrik/.m2/repository/commons-fileupload/commons-fileupload/1.4/commons-fileupload-1.4.jar:/Users/henrik/.m2/repository/commons-io/commons-io/2.2/commons-io-2.2.jar:/Users/henrik/.m2/repository/io/github/openfeign/feign-core/10.10.1/feign-core-10.10.1.jar:/Users/henrik/.m2/repository/io/github/openfeign/feign-slf4j/10.10.1/feign-slf4j-10.10.1.jar:/Users/henrik/.m2/repository/org/springframework/cloud/spring-cloud-starter-netflix-eureka-client/3.0.1/spring-cloud-starter-netflix-eureka-client-3.0.1.jar:/Users/henrik/.m2/repository/org/springframework/cloud/spring-cloud-netflix-eureka-client/3.0.1/spring-cloud-netflix-eureka-client-3.0.1.jar:/Users/henrik/.m2/repository/com/netflix/eureka/eureka-client/1.10.11/eureka-client-1.10.11.jar:/Users/henrik/.m2/repository/com/netflix/netflix-commons/netflix-eventbus/0.3.0/netflix-eventbus-0.3.0.jar:/Users/henrik/.m2/repository/com/netflix/netflix-commons/netflix-infix/0.3.0/netflix-infix-0.3.0.jar:/Users/henrik/.m2/repository/commons-jxpath/commons-jxpath/1.3/commons-jxpath-1.3.jar:/Users/henrik/.m2/repository/joda-time/joda-time/2.3/joda-time-2.3.jar:/Users/henrik/.m2/repository/org/antlr/antlr-runtime/3.4/antlr-runtime-3.4.jar:/Users/henrik/.m2/repository/org/antlr/stringtemplate/3.2.1/stringtemplate-3.2.1.jar:/Users/henrik/.m2/repository/com/google/code/gson/gson/2.8.6/gson-2.8.6.jar:/Users/henrik/.m2/repository/org/apache/commons/commons-math/2.2/commons-math-2.2.jar:/Users/henrik/.m2/repository/com/thoughtworks/xstream/xstream/1.4.14/xstream-1.4.14.jar:/Users/henrik/.m2/repository/xmlpull/xmlpull/1.1.3.1/xmlpull-1.1.3.1.jar:/Users/henrik/.m2/repository/xpp3/xpp3_min/1.1.4c/xpp3_min-1.1.4c.jar:/Users/henrik/.m2/repository/javax/ws/rs/jsr311-api/1.1.1/jsr311-api-1.1.1.jar:/Users/henrik/.m2/repository/com/netflix/servo/servo-core/0.12.21/servo-core-0.12.21.jar:/Users/henrik/.m2/repository/com/google/guava/guava/19.0/guava-19.0.jar:/Users/henrik/.m2/repository/org/apache/httpcomponents/httpclient/4.5.13/httpclient-4.5.13.jar:/Users/henrik/.m2/repository/org/apache/httpcomponents/httpcore/4.4.14/httpcore-4.4.14.jar:/Users/henrik/.m2/repository/commons-codec/commons-codec/1.15/commons-codec-1.15.jar:/Users/henrik/.m2/repository/commons-configuration/commons-configuration/1.10/commons-configuration-1.10.jar:/Users/henrik/.m2/repository/commons-lang/commons-lang/2.6/commons-lang-2.6.jar:/Users/henrik/.m2/repository/com/google/inject/guice/4.1.0/guice-4.1.0.jar:/Users/henrik/.m2/repository/javax/inject/javax.inject/1/javax.inject-1.jar:/Users/henrik/.m2/repository/aopalliance/aopalliance/1.0/aopalliance-1.0.jar:/Users/henrik/.m2/repository/com/fasterxml/jackson/core/jackson-annotations/2.11.4/jackson-annotations-2.11.4.jar:/Users/henrik/.m2/repository/com/fasterxml/jackson/core/jackson-core/2.11.4/jackson-core-2.11.4.jar:/Users/henrik/.m2/repository/org/codehaus/jettison/jettison/1.4.0/jettison-1.4.0.jar:/Users/henrik/.m2/repository/com/netflix/eureka/eureka-core/1.10.11/eureka-core-1.10.11.jar:/Users/henrik/.m2/repository/com/fasterxml/woodstox/woodstox-core/5.3.0/woodstox-core-5.3.0.jar:/Users/henrik/.m2/repository/org/codehaus/woodstox/stax2-api/4.2/stax2-api-4.2.jar:/Users/henrik/.m2/repository/org/springframework/cloud/spring-cloud-starter-loadbalancer/3.0.1/spring-cloud-starter-loadbalancer-3.0.1.jar:/Users/henrik/.m2/repository/org/springframework/cloud/spring-cloud-loadbalancer/3.0.1/spring-cloud-loadbalancer-3.0.1.jar:/Users/henrik/.m2/repository/org/springframework/boot/spring-boot-starter-validation/2.4.3/spring-boot-starter-validation-2.4.3.jar:/Users/henrik/.m2/repository/org/hibernate/validator/hibernate-validator/6.1.7.Final/hibernate-validator-6.1.7.Final.jar:/Users/henrik/.m2/repository/jakarta/validation/jakarta.validation-api/2.0.2/jakarta.validation-api-2.0.2.jar:/Users/henrik/.m2/repository/io/projectreactor/reactor-core/3.4.3/reactor-core-3.4.3.jar:/Users/henrik/.m2/repository/org/reactivestreams/reactive-streams/1.0.3/reactive-streams-1.0.3.jar:/Users/henrik/.m2/repository/io/projectreactor/addons/reactor-extra/3.4.2/reactor-extra-3.4.2.jar:/Users/henrik/.m2/repository/org/springframework/boot/spring-boot-starter-cache/2.4.3/spring-boot-starter-cache-2.4.3.jar:/Users/henrik/.m2/repository/org/springframework/spring-context-support/5.3.4/spring-context-support-5.3.4.jar:/Users/henrik/.m2/repository/com/stoyanr/evictor/1.0.0/evictor-1.0.0.jar:/Users/henrik/.m2/repository/com/h2database/h2/1.4.200/h2-1.4.200.jar:"/>
    <property name="java.vm.vendor" value="Oracle Corporation"/>
    <property name="sun.arch.data.model" value="64"/>
    <property name="java.vendor.url" value="https://java.oracle.com/"/>
    <property name="os.name" value="Mac OS X"/>
    <property name="java.vm.specification.version" value="16"/>
    <property name="sun.java.launcher" value="SUN_STANDARD"/>
    <property name="user.country" value="DE"/>
    <property name="sun.boot.library.path" value="/Library/Java/JavaVirtualMachines/jdk-16.jdk/Contents/Home/lib"/>
    <property name="sun.java.command" value="/Users/henrik/GitHub/DAS_Exam/OrderMicroservice/target/surefire/surefirebooter11081497224776665941.jar /Users/henrik/GitHub/DAS_Exam/OrderMicroservice/target/surefire 2021-03-22T13-05-03_484-jvmRun1 surefire5920425017115913754tmp surefire_07200057663894168973tmp"/>
    <property name="http.nonProxyHosts" value="local|*.local|169.254/16|*.169.254/16"/>
    <property name="jdk.debug" value="release"/>
    <property name="surefire.test.class.path" value="/Users/henrik/GitHub/DAS_Exam/OrderMicroservice/target/test-classes:/Users/henrik/GitHub/DAS_Exam/OrderMicroservice/target/classes:/Users/henrik/.m2/repository/org/springframework/boot/spring-boot-starter-data-jpa/2.4.3/spring-boot-starter-data-jpa-2.4.3.jar:/Users/henrik/.m2/repository/org/springframework/boot/spring-boot-starter-aop/2.4.3/spring-boot-starter-aop-2.4.3.jar:/Users/henrik/.m2/repository/org/springframework/spring-aop/5.3.4/spring-aop-5.3.4.jar:/Users/henrik/.m2/repository/org/aspectj/aspectjweaver/1.9.6/aspectjweaver-1.9.6.jar:/Users/henrik/.m2/repository/org/springframework/boot/spring-boot-starter-jdbc/2.4.3/spring-boot-starter-jdbc-2.4.3.jar:/Users/henrik/.m2/repository/com/zaxxer/HikariCP/3.4.5/HikariCP-3.4.5.jar:/Users/henrik/.m2/repository/org/springframework/spring-jdbc/5.3.4/spring-jdbc-5.3.4.jar:/Users/henrik/.m2/repository/jakarta/transaction/jakarta.transaction-api/1.3.3/jakarta.transaction-api-1.3.3.jar:/Users/henrik/.m2/repository/jakarta/persistence/jakarta.persistence-api/2.2.3/jakarta.persistence-api-2.2.3.jar:/Users/henrik/.m2/repository/org/hibernate/hibernate-core/5.4.28.Final/hibernate-core-5.4.28.Final.jar:/Users/henrik/.m2/repository/org/jboss/logging/jboss-logging/3.4.1.Final/jboss-logging-3.4.1.Final.jar:/Users/henrik/.m2/repository/org/javassist/javassist/3.27.0-GA/javassist-3.27.0-GA.jar:/Users/henrik/.m2/repository/net/bytebuddy/byte-buddy/1.10.20/byte-buddy-1.10.20.jar:/Users/henrik/.m2/repository/antlr/antlr/2.7.7/antlr-2.7.7.jar:/Users/henrik/.m2/repository/org/jboss/jandex/2.2.3.Final/jandex-2.2.3.Final.jar:/Users/henrik/.m2/repository/com/fasterxml/classmate/1.5.1/classmate-1.5.1.jar:/Users/henrik/.m2/repository/org/dom4j/dom4j/2.1.3/dom4j-2.1.3.jar:/Users/henrik/.m2/repository/org/hibernate/common/hibernate-commons-annotations/5.1.2.Final/hibernate-commons-annotations-5.1.2.Final.jar:/Users/henrik/.m2/repository/org/glassfish/jaxb/jaxb-runtime/2.3.3/jaxb-runtime-2.3.3.jar:/Users/henrik/.m2/repository/org/glassfish/jaxb/txw2/2.3.3/txw2-2.3.3.jar:/Users/henrik/.m2/repository/com/sun/istack/istack-commons-runtime/3.0.11/istack-commons-runtime-3.0.11.jar:/Users/henrik/.m2/repository/com/sun/activation/jakarta.activation/1.2.2/jakarta.activation-1.2.2.jar:/Users/henrik/.m2/repository/org/springframework/data/spring-data-jpa/2.4.5/spring-data-jpa-2.4.5.jar:/Users/henrik/.m2/repository/org/springframework/data/spring-data-commons/2.4.5/spring-data-commons-2.4.5.jar:/Users/henrik/.m2/repository/org/springframework/spring-orm/5.3.4/spring-orm-5.3.4.jar:/Users/henrik/.m2/repository/org/springframework/spring-context/5.3.4/spring-context-5.3.4.jar:/Users/henrik/.m2/repository/org/springframework/spring-tx/5.3.4/spring-tx-5.3.4.jar:/Users/henrik/.m2/repository/org/springframework/spring-beans/5.3.4/spring-beans-5.3.4.jar:/Users/henrik/.m2/repository/org/slf4j/slf4j-api/1.7.30/slf4j-api-1.7.30.jar:/Users/henrik/.m2/repository/org/springframework/spring-aspects/5.3.4/spring-aspects-5.3.4.jar:/Users/henrik/.m2/repository/org/springframework/boot/spring-boot-starter-web/2.4.3/spring-boot-starter-web-2.4.3.jar:/Users/henrik/.m2/repository/org/springframework/boot/spring-boot-starter/2.4.3/spring-boot-starter-2.4.3.jar:/Users/henrik/.m2/repository/org/springframework/boot/spring-boot/2.4.3/spring-boot-2.4.3.jar:/Users/henrik/.m2/repository/org/springframework/boot/spring-boot-autoconfigure/2.4.3/spring-boot-autoconfigure-2.4.3.jar:/Users/henrik/.m2/repository/org/springframework/boot/spring-boot-starter-logging/2.4.3/spring-boot-starter-logging-2.4.3.jar:/Users/henrik/.m2/repository/ch/qos/logback/logback-classic/1.2.3/logback-classic-1.2.3.jar:/Users/henrik/.m2/repository/ch/qos/logback/logback-core/1.2.3/logback-core-1.2.3.jar:/Users/henrik/.m2/repository/org/apache/logging/log4j/log4j-to-slf4j/2.13.3/log4j-to-slf4j-2.13.3.jar:/Users/henrik/.m2/repository/org/apache/logging/log4j/log4j-api/2.13.3/log4j-api-2.13.3.jar:/Users/henrik/.m2/repository/org/slf4j/jul-to-slf4j/1.7.30/jul-to-slf4j-1.7.30.jar:/Users/henrik/.m2/repository/jakarta/annotation/jakarta.annotation-api/1.3.5/jakarta.annotation-api-1.3.5.jar:/Users/henrik/.m2/repository/org/yaml/snakeyaml/1.27/snakeyaml-1.27.jar:/Users/henrik/.m2/repository/org/springframework/boot/spring-boot-starter-json/2.4.3/spring-boot-starter-json-2.4.3.jar:/Users/henrik/.m2/repository/com/fasterxml/jackson/core/jackson-databind/2.11.4/jackson-databind-2.11.4.jar:/Users/henrik/.m2/repository/com/fasterxml/jackson/datatype/jackson-datatype-jdk8/2.11.4/jackson-datatype-jdk8-2.11.4.jar:/Users/henrik/.m2/repository/com/fasterxml/jackson/datatype/jackson-datatype-jsr310/2.11.4/jackson-datatype-jsr310-2.11.4.jar:/Users/henrik/.m2/repository/com/fasterxml/jackson/module/jackson-module-parameter-names/2.11.4/jackson-module-parameter-names-2.11.4.jar:/Users/henrik/.m2/repository/org/springframework/boot/spring-boot-starter-tomcat/2.4.3/spring-boot-starter-tomcat-2.4.3.jar:/Users/henrik/.m2/repository/org/apache/tomcat/embed/tomcat-embed-core/9.0.43/tomcat-embed-core-9.0.43.jar:/Users/henrik/.m2/repository/org/glassfish/jakarta.el/3.0.3/jakarta.el-3.0.3.jar:/Users/henrik/.m2/repository/org/apache/tomcat/embed/tomcat-embed-websocket/9.0.43/tomcat-embed-websocket-9.0.43.jar:/Users/henrik/.m2/repository/org/springframework/spring-web/5.3.4/spring-web-5.3.4.jar:/Users/henrik/.m2/repository/org/springframework/spring-webmvc/5.3.4/spring-webmvc-5.3.4.jar:/Users/henrik/.m2/repository/org/springframework/spring-expression/5.3.4/spring-expression-5.3.4.jar:/Users/henrik/.m2/repository/mysql/mysql-connector-java/8.0.23/mysql-connector-java-8.0.23.jar:/Users/henrik/.m2/repository/org/springframework/boot/spring-boot-starter-test/2.4.3/spring-boot-starter-test-2.4.3.jar:/Users/henrik/.m2/repository/org/springframework/boot/spring-boot-test/2.4.3/spring-boot-test-2.4.3.jar:/Users/henrik/.m2/repository/org/springframework/boot/spring-boot-test-autoconfigure/2.4.3/spring-boot-test-autoconfigure-2.4.3.jar:/Users/henrik/.m2/repository/com/jayway/jsonpath/json-path/2.4.0/json-path-2.4.0.jar:/Users/henrik/.m2/repository/net/minidev/json-smart/2.3/json-smart-2.3.jar:/Users/henrik/.m2/repository/net/minidev/accessors-smart/1.2/accessors-smart-1.2.jar:/Users/henrik/.m2/repository/org/ow2/asm/asm/5.0.4/asm-5.0.4.jar:/Users/henrik/.m2/repository/jakarta/xml/bind/jakarta.xml.bind-api/2.3.3/jakarta.xml.bind-api-2.3.3.jar:/Users/henrik/.m2/repository/jakarta/activation/jakarta.activation-api/1.2.2/jakarta.activation-api-1.2.2.jar:/Users/henrik/.m2/repository/org/assertj/assertj-core/3.18.1/assertj-core-3.18.1.jar:/Users/henrik/.m2/repository/org/hamcrest/hamcrest/2.2/hamcrest-2.2.jar:/Users/henrik/.m2/repository/org/junit/jupiter/junit-jupiter/5.7.1/junit-jupiter-5.7.1.jar:/Users/henrik/.m2/repository/org/junit/jupiter/junit-jupiter-api/5.7.1/junit-jupiter-api-5.7.1.jar:/Users/henrik/.m2/repository/org/apiguardian/apiguardian-api/1.1.0/apiguardian-api-1.1.0.jar:/Users/henrik/.m2/repository/org/opentest4j/opentest4j/1.2.0/opentest4j-1.2.0.jar:/Users/henrik/.m2/repository/org/junit/platform/junit-platform-commons/1.7.1/junit-platform-commons-1.7.1.jar:/Users/henrik/.m2/repository/org/junit/jupiter/junit-jupiter-params/5.7.1/junit-jupiter-params-5.7.1.jar:/Users/henrik/.m2/repository/org/junit/jupiter/junit-jupiter-engine/5.7.1/junit-jupiter-engine-5.7.1.jar:/Users/henrik/.m2/repository/org/junit/platform/junit-platform-engine/1.7.1/junit-platform-engine-1.7.1.jar:/Users/henrik/.m2/repository/org/mockito/mockito-core/3.6.28/mockito-core-3.6.28.jar:/Users/henrik/.m2/repository/net/bytebuddy/byte-buddy-agent/1.10.20/byte-buddy-agent-1.10.20.jar:/Users/henrik/.m2/repository/org/objenesis/objenesis/3.1/objenesis-3.1.jar:/Users/henrik/.m2/repository/org/mockito/mockito-junit-jupiter/3.6.28/mockito-junit-jupiter-3.6.28.jar:/Users/henrik/.m2/repository/org/skyscreamer/jsonassert/1.5.0/jsonassert-1.5.0.jar:/Users/henrik/.m2/repository/com/vaadin/external/google/android-json/0.0.20131108.vaadin1/android-json-0.0.20131108.vaadin1.jar:/Users/henrik/.m2/repository/org/springframework/spring-core/5.3.4/spring-core-5.3.4.jar:/Users/henrik/.m2/repository/org/springframework/spring-jcl/5.3.4/spring-jcl-5.3.4.jar:/Users/henrik/.m2/repository/org/springframework/spring-test/5.3.4/spring-test-5.3.4.jar:/Users/henrik/.m2/repository/org/xmlunit/xmlunit-core/2.7.0/xmlunit-core-2.7.0.jar:/Users/henrik/.m2/repository/org/springframework/cloud/spring-cloud-starter/3.0.1/spring-cloud-starter-3.0.1.jar:/Users/henrik/.m2/repository/org/springframework/cloud/spring-cloud-context/3.0.1/spring-cloud-context-3.0.1.jar:/Users/henrik/.m2/repository/org/springframework/security/spring-security-crypto/5.4.5/spring-security-crypto-5.4.5.jar:/Users/henrik/.m2/repository/org/springframework/cloud/spring-cloud-commons/3.0.1/spring-cloud-commons-3.0.1.jar:/Users/henrik/.m2/repository/org/springframework/security/spring-security-rsa/1.0.9.RELEASE/spring-security-rsa-1.0.9.RELEASE.jar:/Users/henrik/.m2/repository/org/bouncycastle/bcpkix-jdk15on/1.64/bcpkix-jdk15on-1.64.jar:/Users/henrik/.m2/repository/org/bouncycastle/bcprov-jdk15on/1.64/bcprov-jdk15on-1.64.jar:/Users/henrik/.m2/repository/org/springframework/cloud/spring-cloud-starter-openfeign/3.0.1/spring-cloud-starter-openfeign-3.0.1.jar:/Users/henrik/.m2/repository/org/springframework/cloud/spring-cloud-openfeign-core/3.0.1/spring-cloud-openfeign-core-3.0.1.jar:/Users/henrik/.m2/repository/io/github/openfeign/form/feign-form-spring/3.8.0/feign-form-spring-3.8.0.jar:/Users/henrik/.m2/repository/io/github/openfeign/form/feign-form/3.8.0/feign-form-3.8.0.jar:/Users/henrik/.m2/repository/commons-fileupload/commons-fileupload/1.4/commons-fileupload-1.4.jar:/Users/henrik/.m2/repository/commons-io/commons-io/2.2/commons-io-2.2.jar:/Users/henrik/.m2/repository/io/github/openfeign/feign-core/10.10.1/feign-core-10.10.1.jar:/Users/henrik/.m2/repository/io/github/openfeign/feign-slf4j/10.10.1/feign-slf4j-10.10.1.jar:/Users/henrik/.m2/repository/org/springframework/cloud/spring-cloud-starter-netflix-eureka-client/3.0.1/spring-cloud-starter-netflix-eureka-client-3.0.1.jar:/Users/henrik/.m2/repository/org/springframework/cloud/spring-cloud-netflix-eureka-client/3.0.1/spring-cloud-netflix-eureka-client-3.0.1.jar:/Users/henrik/.m2/repository/com/netflix/eureka/eureka-client/1.10.11/eureka-client-1.10.11.jar:/Users/henrik/.m2/repository/com/netflix/netflix-commons/netflix-eventbus/0.3.0/netflix-eventbus-0.3.0.jar:/Users/henrik/.m2/repository/com/netflix/netflix-commons/netflix-infix/0.3.0/netflix-infix-0.3.0.jar:/Users/henrik/.m2/repository/commons-jxpath/commons-jxpath/1.3/commons-jxpath-1.3.jar:/Users/henrik/.m2/repository/joda-time/joda-time/2.3/joda-time-2.3.jar:/Users/henrik/.m2/repository/org/antlr/antlr-runtime/3.4/antlr-runtime-3.4.jar:/Users/henrik/.m2/repository/org/antlr/stringtemplate/3.2.1/stringtemplate-3.2.1.jar:/Users/henrik/.m2/repository/com/google/code/gson/gson/2.8.6/gson-2.8.6.jar:/Users/henrik/.m2/repository/org/apache/commons/commons-math/2.2/commons-math-2.2.jar:/Users/henrik/.m2/repository/com/thoughtworks/xstream/xstream/1.4.14/xstream-1.4.14.jar:/Users/henrik/.m2/repository/xmlpull/xmlpull/1.1.3.1/xmlpull-1.1.3.1.jar:/Users/henrik/.m2/repository/xpp3/xpp3_min/1.1.4c/xpp3_min-1.1.4c.jar:/Users/henrik/.m2/repository/javax/ws/rs/jsr311-api/1.1.1/jsr311-api-1.1.1.jar:/Users/henrik/.m2/repository/com/netflix/servo/servo-core/0.12.21/servo-core-0.12.21.jar:/Users/henrik/.m2/repository/com/google/guava/guava/19.0/guava-19.0.jar:/Users/henrik/.m2/repository/org/apache/httpcomponents/httpclient/4.5.13/httpclient-4.5.13.jar:/Users/henrik/.m2/repository/org/apache/httpcomponents/httpcore/4.4.14/httpcore-4.4.14.jar:/Users/henrik/.m2/repository/commons-codec/commons-codec/1.15/commons-codec-1.15.jar:/Users/henrik/.m2/repository/commons-configuration/commons-configuration/1.10/commons-configuration-1.10.jar:/Users/henrik/.m2/repository/commons-lang/commons-lang/2.6/commons-lang-2.6.jar:/Users/henrik/.m2/repository/com/google/inject/guice/4.1.0/guice-4.1.0.jar:/Users/henrik/.m2/repository/javax/inject/javax.inject/1/javax.inject-1.jar:/Users/henrik/.m2/repository/aopalliance/aopalliance/1.0/aopalliance-1.0.jar:/Users/henrik/.m2/repository/com/fasterxml/jackson/core/jackson-annotations/2.11.4/jackson-annotations-2.11.4.jar:/Users/henrik/.m2/repository/com/fasterxml/jackson/core/jackson-core/2.11.4/jackson-core-2.11.4.jar:/Users/henrik/.m2/repository/org/codehaus/jettison/jettison/1.4.0/jettison-1.4.0.jar:/Users/henrik/.m2/repository/com/netflix/eureka/eureka-core/1.10.11/eureka-core-1.10.11.jar:/Users/henrik/.m2/repository/com/fasterxml/woodstox/woodstox-core/5.3.0/woodstox-core-5.3.0.jar:/Users/henrik/.m2/repository/org/codehaus/woodstox/stax2-api/4.2/stax2-api-4.2.jar:/Users/henrik/.m2/repository/org/springframework/cloud/spring-cloud-starter-loadbalancer/3.0.1/spring-cloud-starter-loadbalancer-3.0.1.jar:/Users/henrik/.m2/repository/org/springframework/cloud/spring-cloud-loadbalancer/3.0.1/spring-cloud-loadbalancer-3.0.1.jar:/Users/henrik/.m2/repository/org/springframework/boot/spring-boot-starter-validation/2.4.3/spring-boot-starter-validation-2.4.3.jar:/Users/henrik/.m2/repository/org/hibernate/validator/hibernate-validator/6.1.7.Final/hibernate-validator-6.1.7.Final.jar:/Users/henrik/.m2/repository/jakarta/validation/jakarta.validation-api/2.0.2/jakarta.validation-api-2.0.2.jar:/Users/henrik/.m2/repository/io/projectreactor/reactor-core/3.4.3/reactor-core-3.4.3.jar:/Users/henrik/.m2/repository/org/reactivestreams/reactive-streams/1.0.3/reactive-streams-1.0.3.jar:/Users/henrik/.m2/repository/io/projectreactor/addons/reactor-extra/3.4.2/reactor-extra-3.4.2.jar:/Users/henrik/.m2/repository/org/springframework/boot/spring-boot-starter-cache/2.4.3/spring-boot-starter-cache-2.4.3.jar:/Users/henrik/.m2/repository/org/springframework/spring-context-support/5.3.4/spring-context-support-5.3.4.jar:/Users/henrik/.m2/repository/com/stoyanr/evictor/1.0.0/evictor-1.0.0.jar:/Users/henrik/.m2/repository/com/h2database/h2/1.4.200/h2-1.4.200.jar:"/>
    <property name="sun.cpu.endian" value="little"/>
    <property name="user.home" value="/Users/henrik"/>
    <property name="user.language" value="de"/>
    <property name="java.specification.vendor" value="Oracle Corporation"/>
    <property name="java.version.date" value="2021-03-16"/>
    <property name="java.home" value="/Library/Java/JavaVirtualMachines/jdk-16.jdk/Contents/Home"/>
    <property name="file.separator" value="/"/>
    <property name="basedir" value="/Users/henrik/GitHub/DAS_Exam/OrderMicroservice"/>
    <property name="java.vm.compressedOopsMode" value="Zero based"/>
    <property name="line.separator" value="&#10;"/>
    <property name="java.specification.name" value="Java Platform API Specification"/>
    <property name="java.vm.specification.vendor" value="Oracle Corporation"/>
    <property name="surefire.real.class.path" value="/Users/henrik/GitHub/DAS_Exam/OrderMicroservice/target/surefire/surefirebooter11081497224776665941.jar"/>
    <property name="sun.management.compiler" value="HotSpot 64-Bit Tiered Compilers"/>
    <property name="ftp.nonProxyHosts" value="local|*.local|169.254/16|*.169.254/16"/>
    <property name="java.runtime.version" value="16+36-2231"/>
    <property name="user.name" value="henrik"/>
    <property name="path.separator" value=":"/>
    <property name="os.version" value="10.16"/>
    <property name="java.runtime.name" value="OpenJDK Runtime Environment"/>
    <property name="file.encoding" value="UTF-8"/>
    <property name="java.vm.name" value="OpenJDK 64-Bit Server VM"/>
    <property name="localRepository" value="/Users/henrik/.m2/repository"/>
    <property name="java.vendor.url.bug" value="https://bugreport.java.com/bugreport/"/>
    <property name="java.io.tmpdir" value="/var/folders/fp/yj53mwk56_j24h19wy5280780000gn/T/"/>
    <property name="java.version" value="16"/>
    <property name="user.dir" value="/Users/henrik/GitHub/DAS_Exam/OrderMicroservice"/>
    <property name="os.arch" value="x86_64"/>
    <property name="java.vm.specification.name" value="Java Virtual Machine Specification"/>
    <property name="java.library.path" value="/Users/henrik/Library/Java/Extensions:/Library/Java/Extensions:/Network/Library/Java/Extensions:/System/Library/Java/Extensions:/usr/lib/java:."/>
    <property name="java.vm.info" value="mixed mode, sharing"/>
    <property name="java.vendor" value="Oracle Corporation"/>
    <property name="java.vm.version" value="16+36-2231"/>
    <property name="sun.io.unicode.encoding" value="UnicodeBig"/>
    <property name="socksNonProxyHosts" value="local|*.local|169.254/16|*.169.254/16"/>
    <property name="java.class.version" value="60.0"/>
  </properties>
  <testcase name="canOrderBeCreated" classname="de.leuphana.connector.OrderRestConnectorProviderTest" time="0.212"/>
  <testcase name="canOrderBeDeleted" classname="de.leuphana.connector.OrderRestConnectorProviderTest" time="0.023"/>
  <testcase name="canOrderBeFetchedAsString" classname="de.leuphana.connector.OrderRestConnectorProviderTest" time="0.014"/>
  <testcase name="canAllOrdersBeFetched" classname="de.leuphana.connector.OrderRestConnectorProviderTest" time="0.127"/>
  <testcase name="canOrderBeFetched" classname="de.leuphana.connector.OrderRestConnectorProviderTest" time="0.009"/>
  <testcase name="canAllOrdersBeFetchedAsString" classname="de.leuphana.connector.OrderRestConnectorProviderTest" time="0.01"/>
  <testcase name="injectedComponentsAreNotNull" classname="de.leuphana.connector.OrderRestConnectorProviderTest" time="0.01"/>
</testsuite>